============================================================
验证/测试集位移重建结果可视化
============================================================
输入文件: /media/usr/echo/XLJ_SSH/Project_AI_ShearWall_paper/val_results/model_MN-Seisformer/mn9_07_512_h16_conv7_mse_ep120-0.4662/val_displacement_reconstructed.pkl
输出目录: /media/usr/echo/XLJ_SSH/Project_AI_ShearWall_paper/val_results/model_MN-Seisformer/mn9_07_512_h16_conv7_mse_ep120-0.4662
执行范围: val_test

[Step 1] 加载重建结果...
  可用 split: ['test', 'val']
  本次可视化: ['val', 'test']

============================================================
VAL 位移重建结果可视化
============================================================
输出目录: /media/usr/echo/XLJ_SSH/Project_AI_ShearWall_paper/val_results/model_MN-Seisformer/mn9_07_512_h16_conv7_mse_ep120-0.4662/val
  样本数: 69858
  层数类别: [6, 9, 15, 20, 25, 29]
  目标绘图楼层: [6, 9, 15, 20, 25, 29]

[Step 1] 按楼层数分组...
   6 层: 11693 样本, shape=(11693, 400, 6)
   9 层: 11695 样本, shape=(11695, 400, 9)
  15 层: 11680 样本, shape=(11680, 400, 15)
  20 层: 11646 样本, shape=(11646, 400, 20)
  25 层: 11602 样本, shape=(11602, 400, 25)
  29 层: 11542 样本, shape=(11542, 400, 29)

[Step 2] 计算峰值位移统计量...
   6 层 峰值位移统计 (pred_mean=11.78, true_mean=22.94 mm)
    [PeakDisp][ 6F] R2=0.4794, MAE=11.3242 mm, RMSE=15.3106 mm, MRER=57.03% (|true|>=1.0mm: 69617/70158)
    [PeakDisp][ 6F][PerFloor MRER] F1: 63.47% , F2: 60.38% , F3: 57.70% , F4: 55.11% , F5: 53.52% , F6: 52.27% 
   9 层 峰值位移统计 (pred_mean=29.63, true_mean=40.81 mm)
    [PeakDisp][ 9F] R2=0.8020, MAE=12.4412 mm, RMSE=21.4369 mm, MRER=36.62% (|true|>=1.0mm: 104072/105255)
    [PeakDisp][ 9F][PerFloor MRER] F1: 47.37% , F2: 41.70% , F3: 39.18% , F4: 37.19% , F5: 35.12% , F6: 33.55% , F7: 32.62% , F8: 32.14% , F9: 31.80% 
  15 层 峰值位移统计 (pred_mean=65.19, true_mean=80.51 mm)
    [PeakDisp][15F] R2=0.8898, MAE=19.0828 mm, RMSE=38.5584 mm, MRER=34.76% (|true|>=1.0mm: 172968/175200)
    [PeakDisp][15F][PerFloor MRER] F1: 54.14% , F2: 48.02% , F3: 43.37% , F4: 40.35% , F5: 38.01% , F6: 35.90% , F7: 33.89% , F8: 32.02% , F9: 30.40% , F10: 29.14% , F11: 28.21% , F12: 27.75% , F13: 27.71% , F14: 27.95% , F15: 28.23% 
  20 层 峰值位移统计 (pred_mean=89.76, true_mean=110.19 mm)
    [PeakDisp][20F] R2=0.8936, MAE=24.9136 mm, RMSE=58.9422 mm, MRER=34.80% (|true|>=1.0mm: 229562/232920)
    [PeakDisp][20F][PerFloor MRER] F1: 55.21% , F2: 51.50% , F3: 46.71% , F4: 43.55% , F5: 41.17% , F6: 39.23% , F7: 37.51% , F8: 35.89% , F9: 34.31% , F10: 32.77% , F11: 31.34% , F12: 30.05% , F13: 28.95% , F14: 28.06% , F15: 27.45% , F16: 27.18% , F17: 27.17% , F18: 27.48% , F19: 27.91% , F20: 28.31% 
  25 层 峰值位移统计 (pred_mean=115.48, true_mean=137.35 mm)
    [PeakDisp][25F] R2=0.9095, MAE=28.9132 mm, RMSE=72.3544 mm, MRER=30.63% (|true|>=1.0mm: 285791/290050)
    [PeakDisp][25F][PerFloor MRER] F1: 50.75% , F2: 45.89% , F3: 41.11% , F4: 37.96% , F5: 35.78% , F6: 34.16% , F7: 32.87% , F8: 31.78% , F9: 30.83% , F10: 29.96% , F11: 29.16% , F12: 28.44% , F13: 27.81% , F14: 27.29% , F15: 26.90% , F16: 26.63% , F17: 26.49% , F18: 26.49% , F19: 26.56% , F20: 26.51% , F21: 26.11% , F22: 25.86% , F23: 25.83% , F24: 25.93% , F25: 26.06% 
  29 层 峰值位移统计 (pred_mean=136.82, true_mean=159.28 mm)
    [PeakDisp][29F] R2=0.9175, MAE=31.8794 mm, RMSE=83.3536 mm, MRER=27.87% (|true|>=1.0mm: 329679/334718)
    [PeakDisp][29F][PerFloor MRER] F1: 47.59% , F2: 41.92% , F3: 37.25% , F4: 34.03% , F5: 31.85% , F6: 30.29% , F7: 29.12% , F8: 28.20% , F9: 27.46% , F10: 26.84% , F11: 26.32% , F12: 25.86% , F13: 25.49% , F14: 25.21% , F15: 25.02% , F16: 24.92% , F17: 24.91% , F18: 24.99% , F19: 25.17% , F20: 25.45% , F21: 25.83% , F22: 26.26% , F23: 26.38% , F24: 25.91% , F25: 25.34% , F26: 24.97% , F27: 24.79% , F28: 24.71% , F29: 24.68% 

[Step 3] 绘制层间变形峰值散点图...
   6 层 层间变形散点图已保存 (R2=0.2329)
    [Drift][ 6F] R2=0.2329, MAE=3.5387 mm, RMSE=4.2599 mm, MRER=53.77% (|true|>=1.0mm: 69547/70158)
    [Drift][ 6F][PerFloor MRER] F1: 63.47% , F2: 57.90% , F3: 54.51% , F4: 50.50% , F5: 49.24% , F6: 47.42% 
    [Ia_norm][ 6F] Ia_norm=88.49% (mean_t|true|>=1.0mm: 35404/70158)
    [Ia_norm][ 6F][PerFloor Ia_norm] F1: 82.99% , F2: 85.49% , F3: 87.88% , F4: 89.42% , F5: 90.26% , F6: 90.66% 
   9 层 层间变形散点图已保存 (R2=0.7274)
    [Drift][ 9F] R2=0.7274, MAE=2.9086 mm, RMSE=4.2421 mm, MRER=34.53% (|true|>=1.0mm: 103597/105255)
    [Drift][ 9F][PerFloor MRER] F1: 47.37% , F2: 37.28% , F3: 36.29% , F4: 34.20% , F5: 31.63% , F6: 31.29% , F7: 31.77% , F8: 31.55% , F9: 30.69% 
    [Ia_norm][ 9F] Ia_norm=74.31% (mean_t|true|>=1.0mm: 64185/105255)
    [Ia_norm][ 9F][PerFloor Ia_norm] F1: 77.88% , F2: 75.04% , F3: 72.75% , F4: 73.14% , F5: 73.79% , F6: 74.16% , F7: 74.43% , F8: 74.79% , F9: 75.12% 
  15 层 层间变形散点图已保存 (R2=0.8461)
    [Drift][15F] R2=0.8461, MAE=3.1373 mm, RMSE=5.0226 mm, MRER=33.71% (|true|>=1.0mm: 172009/175200)
    [Drift][15F][PerFloor MRER] F1: 54.14% , F2: 42.48% , F3: 38.19% , F4: 35.22% , F5: 32.89% , F6: 30.48% , F7: 28.35% , F8: 27.53% , F9: 28.30% , F10: 29.77% , F11: 31.31% , F12: 32.49% , F13: 32.97% , F14: 32.94% , F15: 32.66% 
    [Ia_norm][15F] Ia_norm=66.16% (mean_t|true|>=1.0mm: 113676/175200)
    [Ia_norm][15F][PerFloor Ia_norm] F1: 75.98% , F2: 69.89% , F3: 67.85% , F4: 65.44% , F5: 64.38% , F6: 63.84% , F7: 63.65% , F8: 64.03% , F9: 64.68% , F10: 65.37% , F11: 66.10% , F12: 66.83% , F13: 67.42% , F14: 67.72% , F15: 67.77% 
  20 层 层间变形散点图已保存 (R2=0.8618)
    [Drift][20F] R2=0.8618, MAE=3.3052 mm, RMSE=5.8291 mm, MRER=34.10% (|true|>=1.0mm: 228047/232920)
    [Drift][20F][PerFloor MRER] F1: 55.21% , F2: 45.54% , F3: 40.93% , F4: 37.78% , F5: 35.45% , F6: 33.52% , F7: 31.67% , F8: 29.86% , F9: 28.33% , F10: 27.72% , F11: 28.04% , F12: 28.85% , F13: 29.96% , F14: 31.28% , F15: 32.58% , F16: 33.76% , F17: 34.44% , F18: 34.62% , F19: 34.57% , F20: 34.38% 
    [Ia_norm][20F] Ia_norm=60.52% (mean_t|true|>=1.0mm: 150901/232920)
    [Ia_norm][20F][PerFloor Ia_norm] F1: 73.03% , F2: 61.72% , F3: 61.26% , F4: 60.57% , F5: 59.48% , F6: 58.27% , F7: 57.24% , F8: 56.26% , F9: 55.52% , F10: 55.33% , F11: 55.84% , F12: 57.01% , F13: 58.61% , F14: 60.45% , F15: 62.24% , F16: 63.56% , F17: 64.33% , F18: 64.73% , F19: 64.92% , F20: 64.92% 
  25 层 层间变形散点图已保存 (R2=0.8856)
    [Drift][25F] R2=0.8856, MAE=3.1728 mm, RMSE=5.8661 mm, MRER=29.97% (|true|>=1.0mm: 283700/290050)
    [Drift][25F][PerFloor MRER] F1: 50.75% , F2: 39.31% , F3: 35.17% , F4: 32.58% , F5: 30.79% , F6: 29.49% , F7: 28.63% , F8: 28.00% , F9: 27.53% , F10: 27.27% , F11: 27.39% , F12: 27.89% , F13: 28.20% , F14: 27.56% , F15: 27.04% , F16: 26.85% , F17: 27.02% , F18: 27.56% , F19: 28.43% , F20: 29.42% , F21: 30.02% , F22: 30.20% , F23: 30.22% , F24: 30.16% , F25: 30.01% 
    [Ia_norm][25F] Ia_norm=59.52% (mean_t|true|>=1.0mm: 188644/290050)
    [Ia_norm][25F][PerFloor Ia_norm] F1: 73.84% , F2: 60.95% , F3: 60.52% , F4: 60.69% , F5: 60.18% , F6: 59.06% , F7: 57.88% , F8: 56.62% , F9: 55.26% , F10: 53.94% , F11: 52.88% , F12: 52.39% , F13: 52.54% , F14: 53.44% , F15: 54.97% , F16: 56.61% , F17: 58.59% , F18: 60.53% , F19: 62.18% , F20: 63.36% , F21: 64.25% , F22: 64.76% , F23: 65.04% , F24: 65.16% , F25: 65.16% 
  29 层 层间变形散点图已保存 (R2=0.9043)
    [Drift][29F] R2=0.9043, MAE=2.9682 mm, RMSE=5.6982 mm, MRER=27.08% (|true|>=1.0mm: 326810/334718)
    [Drift][29F][PerFloor MRER] F1: 47.59% , F2: 35.63% , F3: 31.09% , F4: 28.48% , F5: 26.98% , F6: 25.95% , F7: 25.33% , F8: 25.06% , F9: 25.05% , F10: 25.23% , F11: 25.64% , F12: 26.28% , F13: 27.23% , F14: 28.43% , F15: 28.72% , F16: 27.56% , F17: 26.21% , F18: 25.17% , F19: 24.55% , F20: 24.33% , F21: 24.50% , F22: 25.02% , F23: 25.72% , F24: 26.31% , F25: 26.54% , F26: 26.63% , F27: 26.65% , F28: 26.60% , F29: 26.46% 
    [Ia_norm][29F] Ia_norm=58.04% (mean_t|true|>=1.0mm: 218321/334718)
    [Ia_norm][29F][PerFloor Ia_norm] F1: 75.33% , F2: 61.04% , F3: 60.04% , F4: 59.95% , F5: 59.67% , F6: 59.03% , F7: 58.10% , F8: 56.95% , F9: 55.63% , F10: 54.28% , F11: 53.01% , F12: 51.93% , F13: 51.16% , F14: 50.78% , F15: 50.91% , F16: 51.64% , F17: 52.95% , F18: 54.78% , F19: 56.27% , F20: 57.56% , F21: 59.04% , F22: 60.21% , F23: 61.26% , F24: 62.11% , F25: 62.73% , F26: 63.07% , F27: 63.30% , F28: 63.38% , F29: 63.37% 

[Step 4] 打印跨层数组别汇总总表...

[PeakDisp] 跨层数组别汇总总表
--------------------------------------------------------------------------------
Group | Samples | Points  |  Valid  |   R2   | MAE(mm) | RMSE(mm) | MRER(%)
--------------------------------------------------------------------------------
 6F   |  11693  |  70158  |  69617  | 0.4794 | 11.3242 | 15.3106  |  57.03 
 9F   |  11695  | 105255  | 104072  | 0.8020 | 12.4412 | 21.4369  |  36.62 
 15F  |  11680  | 175200  | 172968  | 0.8898 | 19.0828 | 38.5584  |  34.76 
 20F  |  11646  | 232920  | 229562  | 0.8936 | 24.9136 | 58.9422  |  34.80 
 25F  |  11602  | 290050  | 285791  | 0.9095 | 28.9132 | 72.3544  |  30.63 
 29F  |  11542  | 334718  | 329679  | 0.9175 | 31.8794 | 83.3536  |  27.87 
 ALL  |  69858  | 1208301 | 1191689 | 0.9133 | 25.0824 | 64.1893  |  33.34 
--------------------------------------------------------------------------------
注: MRER 仅统计 |true| >= 1.0 mm 的点。

[Drift] 跨层数组别汇总总表
---------------------------------------------------------------------------------------------
Group | Samples | Points  |  Valid  |   R2   | MAE(mm) | RMSE(mm) | MRER(%) | Ia_norm(%)
---------------------------------------------------------------------------------------------
 6F   |  11693  |  70158  |  69547  | 0.2329 | 3.5387  |  4.2599  |  53.77  |   88.49   
 9F   |  11695  | 105255  | 103597  | 0.7274 | 2.9086  |  4.2421  |  34.53  |   74.31   
 15F  |  11680  | 175200  | 172009  | 0.8461 | 3.1373  |  5.0226  |  33.71  |   66.16   
 20F  |  11646  | 232920  | 228047  | 0.8618 | 3.3052  |  5.8291  |  34.10  |   60.52   
 25F  |  11602  | 290050  | 283700  | 0.8856 | 3.1728  |  5.8661  |  29.97  |   59.52   
 29F  |  11542  | 334718  | 326810  | 0.9043 | 2.9682  |  5.6982  |  27.08  |   58.04   
 ALL  |  69858  | 1208301 | 1183710 | 0.8788 | 3.1347  |  5.4849  |  32.31  |   62.84   
---------------------------------------------------------------------------------------------
注: MRER 仅统计 |true| >= 1.0 mm 的点。

============================================================
VAL 可视化完成
图片保存至: /media/usr/echo/XLJ_SSH/Project_AI_ShearWall_paper/val_results/model_MN-Seisformer/mn9_07_512_h16_conv7_mse_ep120-0.4662/val
============================================================

============================================================
TEST 位移重建结果可视化
============================================================
输出目录: /media/usr/echo/XLJ_SSH/Project_AI_ShearWall_paper/val_results/model_MN-Seisformer/mn9_07_512_h16_conv7_mse_ep120-0.4662/test
  样本数: 23232
  层数类别: [18, 33]
  目标绘图楼层: [18, 33]

[Step 1] 按楼层数分组...
  18 层: 11666 样本, shape=(11666, 400, 18)
  33 层: 11566 样本, shape=(11566, 400, 33)

[Step 2] 计算峰值位移统计量...
  18 层 峰值位移统计 (pred_mean=71.81, true_mean=98.32 mm)
    [PeakDisp][18F] R2=0.8104, MAE=29.2592 mm, RMSE=66.7981 mm, MRER=39.98% (|true|>=1.0mm: 207111/209988)
    [PeakDisp][18F][PerFloor MRER] F1: 59.87% , F2: 55.32% , F3: 50.79% , F4: 47.85% , F5: 45.55% , F6: 43.59% , F7: 41.76% , F8: 39.95% , F9: 38.19% , F10: 36.50% , F11: 34.99% , F12: 33.76% , F13: 32.84% , F14: 32.32% , F15: 32.23% , F16: 32.53% , F17: 33.01% , F18: 33.50% 
  33 层 峰值位移统计 (pred_mean=140.72, true_mean=183.44 mm)
    [PeakDisp][33F] R2=0.8620, MAE=49.0400 mm, RMSE=126.7802 mm, MRER=32.66% (|true|>=1.0mm: 375773/381678)
    [PeakDisp][33F][PerFloor MRER] F1: 52.63% , F2: 47.07% , F3: 42.73% , F4: 39.77% , F5: 37.64% , F6: 36.07% , F7: 34.87% , F8: 33.93% , F9: 33.16% , F10: 32.50% , F11: 31.94% , F12: 31.44% , F13: 31.00% , F14: 30.65% , F15: 30.37% , F16: 30.16% , F17: 30.02% , F18: 29.97% , F19: 29.98% , F20: 30.06% , F21: 30.18% , F22: 30.34% , F23: 30.54% , F24: 30.76% , F25: 30.98% , F26: 30.96% , F27: 30.54% , F28: 30.04% , F29: 29.67% , F30: 29.45% , F31: 29.36% , F32: 29.35% , F33: 29.39% 

[Step 3] 绘制层间变形峰值散点图...
  18 层 层间变形散点图已保存 (R2=0.7487)
    [Drift][18F] R2=0.7487, MAE=4.1956 mm, RMSE=7.2855 mm, MRER=39.74% (|true|>=1.0mm: 205799/209988)
    [Drift][18F][PerFloor MRER] F1: 59.87% , F2: 50.02% , F3: 45.44% , F4: 42.48% , F5: 40.22% , F6: 38.11% , F7: 35.87% , F8: 33.79% , F9: 32.57% , F10: 32.83% , F11: 34.20% , F12: 36.03% , F13: 37.89% , F14: 39.38% , F15: 40.31% , F16: 40.60% , F17: 40.55% , F18: 40.32% 
    [Ia_norm][18F] Ia_norm=80.26% (mean_t|true|>=1.0mm: 136200/209988)
    [Ia_norm][18F][PerFloor Ia_norm] F1: 82.17% , F2: 79.97% , F3: 80.11% , F4: 79.47% , F5: 78.74% , F6: 78.46% , F7: 78.34% , F8: 78.40% , F9: 78.50% , F10: 78.90% , F11: 79.49% , F12: 80.23% , F13: 80.97% , F14: 81.47% , F15: 81.84% , F16: 82.03% , F17: 82.15% , F18: 82.19% 
  33 层 层间变形散点图已保存 (R2=0.8308)
    [Drift][33F] R2=0.8308, MAE=4.1305 mm, RMSE=8.0181 mm, MRER=32.41% (|true|>=1.0mm: 371864/381678)
    [Drift][33F][PerFloor MRER] F1: 52.63% , F2: 41.74% , F3: 37.49% , F4: 34.65% , F5: 32.85% , F6: 31.68% , F7: 30.98% , F8: 30.53% , F9: 30.34% , F10: 30.40% , F11: 30.67% , F12: 31.13% , F13: 31.73% , F14: 32.49% , F15: 33.40% , F16: 34.26% , F17: 34.25% , F18: 33.14% , F19: 31.77% , F20: 30.69% , F21: 29.94% , F22: 29.58% , F23: 29.55% , F24: 29.81% , F25: 30.30% , F26: 30.95% , F27: 31.55% , F28: 31.89% , F29: 32.04% , F30: 32.11% , F31: 32.13% , F32: 32.08% , F33: 31.98% 
    [Ia_norm][33F] Ia_norm=84.08% (mean_t|true|>=1.0mm: 250979/381678)
    [Ia_norm][33F][PerFloor Ia_norm] F1: 85.65% , F2: 79.24% , F3: 80.88% , F4: 82.08% , F5: 83.39% , F6: 84.17% , F7: 84.24% , F8: 83.83% , F9: 83.33% , F10: 82.56% , F11: 81.67% , F12: 80.70% , F13: 79.71% , F14: 78.82% , F15: 78.34% , F16: 78.14% , F17: 78.30% , F18: 78.87% , F19: 79.73% , F20: 80.94% , F21: 82.66% , F22: 83.99% , F23: 85.15% , F24: 86.01% , F25: 86.81% , F26: 87.49% , F27: 87.97% , F28: 88.31% , F29: 88.57% , F30: 88.75% , F31: 88.84% , F32: 88.88% , F33: 88.90% 

[Step 4] 打印跨层数组别汇总总表...

[PeakDisp] 跨层数组别汇总总表
--------------------------------------------------------------------------------
Group | Samples | Points  |  Valid  |   R2   | MAE(mm) | RMSE(mm) | MRER(%)
--------------------------------------------------------------------------------
 18F  |  11666  | 209988  | 207111  | 0.8104 | 29.2592 | 66.7981  |  39.98 
 33F  |  11566  | 381678  | 375773  | 0.8620 | 49.0400 | 126.7802 |  32.66 
 ALL  |  23232  | 591666  | 582884  | 0.8597 | 42.0196 | 109.3265 |  35.26 
--------------------------------------------------------------------------------
注: MRER 仅统计 |true| >= 1.0 mm 的点。

[Drift] 跨层数组别汇总总表
---------------------------------------------------------------------------------------------
Group | Samples | Points  |  Valid  |   R2   | MAE(mm) | RMSE(mm) | MRER(%) | Ia_norm(%)
---------------------------------------------------------------------------------------------
 18F  |  11666  | 209988  | 205799  | 0.7487 | 4.1956  |  7.2855  |  39.74  |   80.26   
 33F  |  11566  | 381678  | 371864  | 0.8308 | 4.1305  |  8.0181  |  32.41  |   84.08   
 ALL  |  23232  | 591666  | 577663  | 0.8119 | 4.1536  |  7.7660  |  35.02  |   82.74   
---------------------------------------------------------------------------------------------
注: MRER 仅统计 |true| >= 1.0 mm 的点。

============================================================
TEST 可视化完成
图片保存至: /media/usr/echo/XLJ_SSH/Project_AI_ShearWall_paper/val_results/model_MN-Seisformer/mn9_07_512_h16_conv7_mse_ep120-0.4662/test
============================================================

[Cross-Split] 绘制峰值位移合并热力图...
  热力图已保存: mean_peak_heatmap.png/pdf
[Cross-Split] 绘制峰值层间变形合并热力图...
  热力图已保存: mean_peak_drift_heatmap.png/pdf
