============================================================
验证/测试集位移重建结果可视化
============================================================
输入文件: /media/usr/echo/XLJ_SSH/Project_AI_ShearWall_paper/val_results/model_Patch_fusion/pf09_patch08_s04_lr25e4-0.5775/val_displacement_reconstructed.pkl
输出目录: /media/usr/echo/XLJ_SSH/Project_AI_ShearWall_paper/val_results/model_Patch_fusion/pf09_patch08_s04_lr25e4-0.5775
执行范围: val_test

[Step 1] 加载重建结果...
  可用 split: ['test', 'val']
  本次可视化: ['val', 'test']

============================================================
VAL 位移重建结果可视化
============================================================
输出目录: /media/usr/echo/XLJ_SSH/Project_AI_ShearWall_paper/val_results/model_Patch_fusion/pf09_patch08_s04_lr25e4-0.5775/val
  样本数: 69858
  层数类别: [6, 9, 15, 20, 25, 29]
  目标绘图楼层: [6, 9, 15, 20, 25, 29]

[Step 1] 按楼层数分组...
   6 层: 11693 样本, shape=(11693, 400, 6)
   9 层: 11695 样本, shape=(11695, 400, 9)
  15 层: 11680 样本, shape=(11680, 400, 15)
  20 层: 11646 样本, shape=(11646, 400, 20)
  25 层: 11602 样本, shape=(11602, 400, 25)
  29 层: 11542 样本, shape=(11542, 400, 29)

[Step 2] 计算峰值位移统计量...
   6 层 峰值位移统计 (pred_mean=17.89, true_mean=22.94 mm)
    [PeakDisp][ 6F] R2=0.3071, MAE=11.1416 mm, RMSE=17.6626 mm, MRER=47.13% (|true|>=1.0mm: 69617/70158)
    [PeakDisp][ 6F][PerFloor MRER] F1: 40.08% , F2: 42.01% , F3: 44.73% , F4: 48.60% , F5: 52.18% , F6: 54.88% 
   9 层 峰值位移统计 (pred_mean=17.54, true_mean=40.81 mm)
    [PeakDisp][ 9F] R2=0.2818, MAE=23.7506 mm, RMSE=40.8281 mm, MRER=49.63% (|true|>=1.0mm: 104072/105255)
    [PeakDisp][ 9F][PerFloor MRER] F1: 49.00% , F2: 42.46% , F3: 43.90% , F4: 46.17% , F5: 48.55% , F6: 51.03% , F7: 53.42% , F8: 55.35% , F9: 56.69% 
  15 层 峰值位移统计 (pred_mean=62.80, true_mean=80.51 mm)
    [PeakDisp][15F] R2=0.8386, MAE=23.2259 mm, RMSE=46.6597 mm, MRER=32.81% (|true|>=1.0mm: 172968/175200)
    [PeakDisp][15F][PerFloor MRER] F1: 50.41% , F2: 40.10% , F3: 36.13% , F4: 34.14% , F5: 32.86% , F6: 31.81% , F7: 30.84% , F8: 30.04% , F9: 29.47% , F10: 29.17% , F11: 29.13% , F12: 29.43% , F13: 30.02% , F14: 30.65% , F15: 31.20% 
  20 层 峰值位移统计 (pred_mean=92.63, true_mean=110.19 mm)
    [PeakDisp][20F] R2=0.8567, MAE=27.3946 mm, RMSE=68.4161 mm, MRER=30.26% (|true|>=1.0mm: 229562/232920)
    [PeakDisp][20F][PerFloor MRER] F1: 54.26% , F2: 44.93% , F3: 40.07% , F4: 37.21% , F5: 35.17% , F6: 33.50% , F7: 32.00% , F8: 30.60% , F9: 29.25% , F10: 27.95% , F11: 26.74% , F12: 25.64% , F13: 24.66% , F14: 23.89% , F15: 23.43% , F16: 23.33% , F17: 23.66% , F18: 24.42% , F19: 25.29% , F20: 26.07% 
  25 层 峰值位移统计 (pred_mean=111.17, true_mean=137.35 mm)
    [PeakDisp][25F] R2=0.8553, MAE=37.3886 mm, RMSE=91.5212 mm, MRER=35.02% (|true|>=1.0mm: 285791/290050)
    [PeakDisp][25F][PerFloor MRER] F1: 58.92% , F2: 53.05% , F3: 48.58% , F4: 45.87% , F5: 43.92% , F6: 42.31% , F7: 40.87% , F8: 39.50% , F9: 38.16% , F10: 36.84% , F11: 35.51% , F12: 34.17% , F13: 32.81% , F14: 31.45% , F15: 30.10% , F16: 28.72% , F17: 27.39% , F18: 26.28% , F19: 25.48% , F20: 25.15% , F21: 25.57% , F22: 26.59% , F23: 27.82% , F24: 29.02% , F25: 30.08% 
  29 层 峰值位移统计 (pred_mean=119.37, true_mean=159.28 mm)
    [PeakDisp][29F] R2=0.8227, MAE=48.4696 mm, RMSE=122.2204 mm, MRER=38.89% (|true|>=1.0mm: 329679/334718)
    [PeakDisp][29F][PerFloor MRER] F1: 60.59% , F2: 57.81% , F3: 53.95% , F4: 51.48% , F5: 49.75% , F6: 48.37% , F7: 47.15% , F8: 46.00% , F9: 44.86% , F10: 43.70% , F11: 42.50% , F12: 41.25% , F13: 39.97% , F14: 38.66% , F15: 37.32% , F16: 35.95% , F17: 34.58% , F18: 33.18% , F19: 31.76% , F20: 30.37% , F21: 29.11% , F22: 28.16% , F23: 27.64% , F24: 27.76% , F25: 28.62% , F26: 29.83% , F27: 31.12% , F28: 32.35% , F29: 33.44% 

[Step 3] 绘制层间变形峰值散点图...
   6 层 层间变形散点图已保存 (R2=-0.0764)
    [Drift][ 6F] R2=-0.0764, MAE=3.6406 mm, RMSE=5.0462 mm, MRER=51.08% (|true|>=1.0mm: 69547/70158)
    [Drift][ 6F][PerFloor MRER] F1: 40.08% , F2: 43.86% , F3: 48.39% , F4: 55.18% , F5: 57.87% , F6: 60.57% 
    [Ia_norm][ 6F] Ia_norm=151.15% (mean_t|true|>=1.0mm: 35404/70158)
    [Ia_norm][ 6F][PerFloor Ia_norm] F1: 102.59% , F2: 126.60% , F3: 141.72% , F4: 156.73% , F5: 168.21% , F6: 173.71% 
   9 层 层间变形散点图已保存 (R2=0.0446)
    [Drift][ 9F] R2=0.0446, MAE=5.5145 mm, RMSE=7.9419 mm, MRER=51.57% (|true|>=1.0mm: 103597/105255)
    [Drift][ 9F][PerFloor MRER] F1: 49.00% , F2: 40.42% , F3: 45.52% , F4: 49.54% , F5: 53.09% , F6: 56.56% , F7: 57.29% , F8: 56.41% , F9: 55.77% 
    [Ia_norm][ 9F] Ia_norm=105.66% (mean_t|true|>=1.0mm: 64185/105255)
    [Ia_norm][ 9F][PerFloor Ia_norm] F1: 92.24% , F2: 96.52% , F3: 97.21% , F4: 99.63% , F5: 102.90% , F6: 106.97% , F7: 111.05% , F8: 113.81% , F9: 114.82% 
  15 层 层间变形散点图已保存 (R2=0.7980)
    [Drift][15F] R2=0.7980, MAE=3.5939 mm, RMSE=5.7540 mm, MRER=33.36% (|true|>=1.0mm: 172009/175200)
    [Drift][15F][PerFloor MRER] F1: 50.41% , F2: 36.09% , F3: 32.15% , F4: 30.77% , F5: 29.98% , F6: 29.12% , F7: 28.65% , F8: 29.30% , F9: 31.01% , F10: 32.71% , F11: 33.94% , F12: 34.68% , F13: 34.98% , F14: 35.00% , F15: 34.81% 
    [Ia_norm][15F] Ia_norm=81.92% (mean_t|true|>=1.0mm: 113676/175200)
    [Ia_norm][15F][PerFloor Ia_norm] F1: 88.33% , F2: 90.83% , F3: 86.02% , F4: 82.19% , F5: 80.34% , F6: 79.71% , F7: 79.42% , F8: 79.52% , F9: 79.93% , F10: 80.49% , F11: 81.18% , F12: 81.92% , F13: 82.59% , F14: 83.01% , F15: 83.15% 
  20 层 层间变形散点图已保存 (R2=0.8255)
    [Drift][20F] R2=0.8255, MAE=3.5534 mm, RMSE=6.5516 mm, MRER=31.44% (|true|>=1.0mm: 228047/232920)
    [Drift][20F][PerFloor MRER] F1: 54.26% , F2: 40.55% , F3: 35.52% , F4: 32.77% , F5: 30.73% , F6: 28.93% , F7: 27.19% , F8: 25.56% , F9: 24.27% , F10: 23.80% , F11: 24.64% , F12: 26.50% , F13: 28.45% , F14: 30.26% , F15: 31.83% , F16: 33.14% , F17: 33.97% , F18: 34.33% , F19: 34.44% , F20: 34.36% 
    [Ia_norm][20F] Ia_norm=81.21% (mean_t|true|>=1.0mm: 150901/232920)
    [Ia_norm][20F][PerFloor Ia_norm] F1: 84.76% , F2: 84.36% , F3: 84.05% , F4: 82.54% , F5: 81.15% , F6: 80.15% , F7: 79.34% , F8: 78.86% , F9: 78.54% , F10: 78.58% , F11: 78.90% , F12: 79.39% , F13: 80.00% , F14: 80.71% , F15: 81.50% , F16: 82.20% , F17: 82.75% , F18: 83.10% , F19: 83.32% , F20: 83.38% 
  25 层 层间变形散点图已保存 (R2=0.8068)
    [Drift][25F] R2=0.8068, MAE=4.3029 mm, RMSE=7.6255 mm, MRER=37.43% (|true|>=1.0mm: 283700/290050)
    [Drift][25F][PerFloor MRER] F1: 58.92% , F2: 48.85% , F3: 44.28% , F4: 41.52% , F5: 39.49% , F6: 37.66% , F7: 35.94% , F8: 34.18% , F9: 32.39% , F10: 30.62% , F11: 28.87% , F12: 27.62% , F13: 27.60% , F14: 29.29% , F15: 31.59% , F16: 33.77% , F17: 35.66% , F18: 37.38% , F19: 38.97% , F20: 40.39% , F21: 41.33% , F22: 41.80% , F23: 42.02% , F24: 42.07% , F25: 41.99% 
    [Ia_norm][25F] Ia_norm=82.06% (mean_t|true|>=1.0mm: 188644/290050)
    [Ia_norm][25F][PerFloor Ia_norm] F1: 84.81% , F2: 84.33% , F3: 84.96% , F4: 84.66% , F5: 83.59% , F6: 82.38% , F7: 81.42% , F8: 80.58% , F9: 79.81% , F10: 79.37% , F11: 78.97% , F12: 78.79% , F13: 78.84% , F14: 79.11% , F15: 79.73% , F16: 80.45% , F17: 81.33% , F18: 82.17% , F19: 82.86% , F20: 83.44% , F21: 83.88% , F22: 84.18% , F23: 84.39% , F24: 84.50% , F25: 84.53% 
  29 层 层间变形散点图已保存 (R2=0.7585)
    [Drift][29F] R2=0.7585, MAE=4.9982 mm, RMSE=9.0541 mm, MRER=42.11% (|true|>=1.0mm: 326810/334718)
    [Drift][29F][PerFloor MRER] F1: 60.59% , F2: 54.21% , F3: 50.16% , F4: 47.70% , F5: 45.86% , F6: 44.25% , F7: 42.70% , F8: 41.11% , F9: 39.49% , F10: 37.82% , F11: 36.11% , F12: 34.33% , F13: 32.60% , F14: 31.28% , F15: 31.18% , F16: 32.75% , F17: 34.91% , F18: 37.11% , F19: 39.11% , F20: 40.89% , F21: 42.56% , F22: 44.14% , F23: 45.52% , F24: 46.56% , F25: 47.15% , F26: 47.46% , F27: 47.62% , F28: 47.65% , F29: 47.57% 
    [Ia_norm][29F] Ia_norm=79.33% (mean_t|true|>=1.0mm: 218321/334718)
    [Ia_norm][29F][PerFloor Ia_norm] F1: 82.87% , F2: 81.61% , F3: 81.41% , F4: 81.35% , F5: 80.94% , F6: 80.24% , F7: 79.37% , F8: 78.46% , F9: 77.60% , F10: 76.72% , F11: 75.96% , F12: 75.38% , F13: 75.01% , F14: 74.86% , F15: 74.97% , F16: 75.36% , F17: 76.01% , F18: 77.16% , F19: 78.20% , F20: 79.09% , F21: 80.01% , F22: 80.78% , F23: 81.39% , F24: 81.87% , F25: 82.23% , F26: 82.47% , F27: 82.63% , F28: 82.67% , F29: 82.66% 

[Step 4] 打印跨层数组别汇总总表...

[PeakDisp] 跨层数组别汇总总表
--------------------------------------------------------------------------------
Group | Samples | Points  |  Valid  |   R2   | MAE(mm) | RMSE(mm) | MRER(%)
--------------------------------------------------------------------------------
 6F   |  11693  |  70158  |  69617  | 0.3071 | 11.1416 | 17.6626  |  47.13 
 9F   |  11695  | 105255  | 104072  | 0.2818 | 23.7506 | 40.8281  |  49.63 
 15F  |  11680  | 175200  | 172968  | 0.8386 | 23.2259 | 46.6597  |  32.81 
 20F  |  11646  | 232920  | 229562  | 0.8567 | 27.3946 | 68.4161  |  30.26 
 25F  |  11602  | 290050  | 285791  | 0.8553 | 37.3886 | 91.5212  |  35.02 
 29F  |  11542  | 334718  | 329679  | 0.8227 | 48.4696 | 122.2204 |  38.89 
 ALL  |  69858  | 1208301 | 1191689 | 0.8416 | 33.7662 | 86.7754  |  36.84 
--------------------------------------------------------------------------------
注: MRER 仅统计 |true| >= 1.0 mm 的点。

[Drift] 跨层数组别汇总总表
---------------------------------------------------------------------------------------------
Group | Samples | Points  |  Valid  |   R2   | MAE(mm) | RMSE(mm) | MRER(%) | Ia_norm(%)
---------------------------------------------------------------------------------------------
 6F   |  11693  |  70158  |  69547  | -0.0764 | 3.6406  |  5.0462  |  51.08  |   151.15  
 9F   |  11695  | 105255  | 103597  | 0.0446 | 5.5145  |  7.9419  |  51.57  |   105.66  
 15F  |  11680  | 175200  | 172009  | 0.7980 | 3.5939  |  5.7540  |  33.36  |   81.92   
 20F  |  11646  | 232920  | 228047  | 0.8255 | 3.5534  |  6.5516  |  31.44  |   81.21   
 25F  |  11602  | 290050  | 283700  | 0.8068 | 4.3029  |  7.6255  |  37.43  |   82.06   
 29F  |  11542  | 334718  | 326810  | 0.7585 | 4.9982  |  9.0541  |  42.11  |   79.33   
 ALL  |  69858  | 1208301 | 1183710 | 0.7714 | 4.3153  |  7.5309  |  39.01  |   86.24   
---------------------------------------------------------------------------------------------
注: MRER 仅统计 |true| >= 1.0 mm 的点。

============================================================
VAL 可视化完成
图片保存至: /media/usr/echo/XLJ_SSH/Project_AI_ShearWall_paper/val_results/model_Patch_fusion/pf09_patch08_s04_lr25e4-0.5775/val
============================================================

============================================================
TEST 位移重建结果可视化
============================================================
输出目录: /media/usr/echo/XLJ_SSH/Project_AI_ShearWall_paper/val_results/model_Patch_fusion/pf09_patch08_s04_lr25e4-0.5775/test
  样本数: 23232
  层数类别: [18, 33]
  目标绘图楼层: [18, 33]

[Step 1] 按楼层数分组...
  18 层: 11666 样本, shape=(11666, 400, 18)
  33 层: 11566 样本, shape=(11566, 400, 33)

[Step 2] 计算峰值位移统计量...
  18 层 峰值位移统计 (pred_mean=82.49, true_mean=98.32 mm)
    [PeakDisp][18F] R2=0.8557, MAE=24.3187 mm, RMSE=58.2833 mm, MRER=29.47% (|true|>=1.0mm: 207111/209988)
    [PeakDisp][18F][PerFloor MRER] F1: 51.87% , F2: 41.77% , F3: 36.92% , F4: 34.20% , F5: 32.32% , F6: 30.85% , F7: 29.52% , F8: 28.25% , F9: 27.05% , F10: 25.97% , F11: 25.07% , F12: 24.37% , F13: 23.93% , F14: 23.85% , F15: 24.10% , F16: 24.63% , F17: 25.29% , F18: 25.90% 
  33 层 峰值位移统计 (pred_mean=122.70, true_mean=183.44 mm)
    [PeakDisp][33F] R2=0.7655, MAE=65.4137 mm, RMSE=165.2853 mm, MRER=43.52% (|true|>=1.0mm: 375773/381678)
    [PeakDisp][33F][PerFloor MRER] F1: 63.19% , F2: 62.44% , F3: 58.96% , F4: 56.77% , F5: 55.16% , F6: 53.94% , F7: 52.92% , F8: 51.99% , F9: 51.10% , F10: 50.19% , F11: 49.24% , F12: 48.23% , F13: 47.16% , F14: 46.04% , F15: 44.89% , F16: 43.69% , F17: 42.45% , F18: 41.20% , F19: 39.93% , F20: 38.63% , F21: 37.29% , F22: 35.89% , F23: 34.51% , F24: 33.28% , F25: 32.35% , F26: 31.76% , F27: 31.71% , F28: 32.35% , F29: 33.38% , F30: 34.59% , F31: 35.84% , F32: 37.06% , F33: 38.14% 

[Step 3] 绘制层间变形峰值散点图...
  18 层 层间变形散点图已保存 (R2=0.8255)
    [Drift][18F] R2=0.8255, MAE=3.3531 mm, RMSE=6.0710 mm, MRER=30.26% (|true|>=1.0mm: 205799/209988)
    [Drift][18F][PerFloor MRER] F1: 51.87% , F2: 37.28% , F3: 32.48% , F4: 30.02% , F5: 28.33% , F6: 26.78% , F7: 25.31% , F8: 24.11% , F9: 23.79% , F10: 24.71% , F11: 26.44% , F12: 28.24% , F13: 29.88% , F14: 31.18% , F15: 32.05% , F16: 32.44% , F17: 32.55% , F18: 32.45% 
    [Ia_norm][18F] Ia_norm=78.80% (mean_t|true|>=1.0mm: 136200/209988)
    [Ia_norm][18F][PerFloor Ia_norm] F1: 83.65% , F2: 83.91% , F3: 81.73% , F4: 79.52% , F5: 77.86% , F6: 76.85% , F7: 76.31% , F8: 76.09% , F9: 76.26% , F10: 76.59% , F11: 77.02% , F12: 77.81% , F13: 78.65% , F14: 79.41% , F15: 80.06% , F16: 80.54% , F17: 80.84% , F18: 80.94% 
  33 层 层间变形散点图已保存 (R2=0.6751)
    [Drift][33F] R2=0.6751, MAE=6.0867 mm, RMSE=11.1091 mm, MRER=47.56% (|true|>=1.0mm: 371864/381678)
    [Drift][33F][PerFloor MRER] F1: 63.19% , F2: 58.98% , F3: 55.64% , F4: 53.39% , F5: 51.80% , F6: 50.49% , F7: 49.29% , F8: 48.01% , F9: 46.69% , F10: 45.33% , F11: 43.90% , F12: 42.39% , F13: 40.83% , F14: 39.23% , F15: 37.69% , F16: 36.54% , F17: 36.47% , F18: 37.81% , F19: 39.72% , F20: 41.75% , F21: 43.67% , F22: 45.43% , F23: 47.05% , F24: 48.58% , F25: 50.03% , F26: 51.33% , F27: 52.35% , F28: 53.01% , F29: 53.40% , F30: 53.63% , F31: 53.73% , F32: 53.74% , F33: 53.67% 
    [Ia_norm][33F] Ia_norm=77.25% (mean_t|true|>=1.0mm: 250979/381678)
    [Ia_norm][33F][PerFloor Ia_norm] F1: 83.14% , F2: 78.15% , F3: 78.31% , F4: 78.06% , F5: 78.22% , F6: 78.06% , F7: 77.59% , F8: 76.97% , F9: 76.31% , F10: 75.62% , F11: 74.88% , F12: 74.11% , F13: 73.27% , F14: 72.59% , F15: 72.17% , F16: 72.00% , F17: 72.13% , F18: 72.52% , F19: 73.19% , F20: 74.21% , F21: 75.62% , F22: 76.79% , F23: 77.69% , F24: 78.45% , F25: 79.18% , F26: 79.84% , F27: 80.30% , F28: 80.64% , F29: 80.87% , F30: 81.02% , F31: 81.10% , F32: 81.13% , F33: 81.10% 

[Step 4] 打印跨层数组别汇总总表...

[PeakDisp] 跨层数组别汇总总表
--------------------------------------------------------------------------------
Group | Samples | Points  |  Valid  |   R2   | MAE(mm) | RMSE(mm) | MRER(%)
--------------------------------------------------------------------------------
 18F  |  11666  | 209988  | 207111  | 0.8557 | 24.3187 | 58.2833  |  29.47 
 33F  |  11566  | 381678  | 375773  | 0.7655 | 65.4137 | 165.2853 |  43.52 
 ALL  |  23232  | 591666  | 582884  | 0.7789 | 50.8287 | 137.2187 |  38.53 
--------------------------------------------------------------------------------
注: MRER 仅统计 |true| >= 1.0 mm 的点。

[Drift] 跨层数组别汇总总表
---------------------------------------------------------------------------------------------
Group | Samples | Points  |  Valid  |   R2   | MAE(mm) | RMSE(mm) | MRER(%) | Ia_norm(%)
---------------------------------------------------------------------------------------------
 18F  |  11666  | 209988  | 205799  | 0.8255 | 3.3531  |  6.0710  |  30.26  |   78.80   
 33F  |  11566  | 381678  | 371864  | 0.6751 | 6.0867  | 11.1091  |  47.56  |   77.25   
 ALL  |  23232  | 591666  | 577663  | 0.7110 | 5.1165  |  9.6277  |  41.39  |   77.80   
---------------------------------------------------------------------------------------------
注: MRER 仅统计 |true| >= 1.0 mm 的点。

============================================================
TEST 可视化完成
图片保存至: /media/usr/echo/XLJ_SSH/Project_AI_ShearWall_paper/val_results/model_Patch_fusion/pf09_patch08_s04_lr25e4-0.5775/test
============================================================

[Cross-Split] 绘制峰值位移合并热力图...
  热力图已保存: mean_peak_heatmap.png/pdf
[Cross-Split] 绘制峰值层间变形合并热力图...
  热力图已保存: mean_peak_drift_heatmap.png/pdf
